<?xml version="1.0" encoding="UTF-8"?>
<!-- Generated by org.testng.reporters.JUnitXMLReporter -->
<testsuite hostname="Laxmi-PC" name="Test" tests="2" failures="1" timestamp="27 Jun 2019 12:11:54 GMT" time="23.789" errors="0">
  <testcase name="feature" time="12.307" classname="runner.Runner"/>
  <testcase name="feature" time="10.692" classname="runner.Runner">
    <failure type="cucumber.runtime.CucumberException" message="java.lang.AssertionError: expected [Asset Enterprise - Home] but found [Asset Enterprise - Login]">
      <![CDATA[cucumber.runtime.CucumberException: java.lang.AssertionError: expected [Asset Enterprise - Home] but found [Asset Enterprise - Login]
	at cucumber.api.testng.TestNGCucumberRunner.runCucumber(TestNGCucumberRunner.java:69)
	at cucumber.api.testng.AbstractTestNGCucumberTests.feature(AbstractTestNGCucumberTests.java:21)
Caused by: java.lang.AssertionError: expected [Asset Enterprise - Home] but found [Asset Enterprise - Login]
	at com.stcroix.pages.actions.Header.verifyHomePageTitle(Header.java:25)
	at steps.LogoutSteps.verify_the_Home_page_title(LogoutSteps.java:28)
	at âœ½.Then Verify the Home page title(Logout.feature:8)
... Removed 30 stack frames]]>
    </failure>
  </testcase> <!-- feature -->
</testsuite> <!-- Test -->
